<?xml version="1.0" encoding="UTF-8"?>
<!-- Generated by org.testng.reporters.JUnitReportReporter -->
<testsuite hostname="DESKTOP-7RV70QA" failures="0" tests="1" name="com.selenium.tests.HomePageTest" time="27.997" errors="0" timestamp="2022-03-22T19:06:39 CDT" skipped="0">
  <testcase classname="com.selenium.tests.HomePageTest" name="accountPageTest" time="27.997"/>
  <system-out/>
</testsuite> <!-- com.selenium.tests.HomePageTest -->
