<?xml version="1.0" encoding="UTF-8"?>
<!-- Generated by org.testng.reporters.JUnitReportReporter -->
<testsuite hostname="DESKTOP-7RV70QA" failures="0" tests="1" name="com.selenium.tests.LoginPageTest" time="2.925" errors="0" timestamp="2022-03-22T16:36:31 CDT" skipped="0">
  <testcase classname="com.selenium.tests.LoginPageTest" name="accountPageTest" time="2.925"/>
  <system-out/>
</testsuite> <!-- com.selenium.tests.LoginPageTest -->
