<?xml version="1.0" encoding="UTF-8"?>
<!-- Generated by org.testng.reporters.JUnitReportReporter -->
<testsuite hostname="DESKTOP-7RV70QA" failures="0" tests="1" name="com.selenium.tests.CreateAccountPageTest" time="5.136" errors="0" timestamp="2022-03-15T18:46:29 CDT" skipped="0">
  <testcase classname="com.selenium.tests.CreateAccountPageTest" name="accountPageTest" time="5.136"/>
  <system-out/>
</testsuite> <!-- com.selenium.tests.CreateAccountPageTest -->
